Mon Dec 22 13:08:52 BRT 2014 : Apache Derby Servidor de Rede - 10.10.1.3 - (1557168) iniciado e pronto para aceitar conexões na porta 1527 em {3}
----------------------------------------------------------------
Mon Dec 22 13:08:52 BRT 2014:
 Inicializando o Derby versão The Apache Software Foundation - Apache Derby - 10.10.1.3 - (1557168): instância a816c00e-014a-72c2-1dfc-ffffc91198db
no diretório de banco de dados /home/renato/NetBeansProjects/Company/company 

java.vendor=Oracle Corporation
java.runtime.version=1.8.0_25-b17
user.dir=/usr/lib/jvm/java-8-oracle/db
os.name=Linux
os.arch=i386
os.version=3.13.0-43-generic
derby.system.home=/home/renato/NetBeansProjects/Company
Carregador de classe do banco de dados iniciado - derby.database.classpath=''
----------------------------------------------------------------
Mon Dec 22 13:09:02 BRT 2014:
Encerrando a instância a816c00e-014a-72c2-1dfc-ffffc91198db
Mon Dec 22 13:09:02 BRT 2014 Thread[DRDAConnThread_3,5,main] (DATABASE = company), (DRDAID = {2}), Banco de dados 'company' fechado.
----------------------------------------------------------------
Mon Dec 22 13:09:05 BRT 2014:
 Inicializando o Derby versão The Apache Software Foundation - Apache Derby - 10.10.1.3 - (1557168): instância 560740aa-014a-72c2-1dfc-ffffc91198db
no diretório de banco de dados /home/renato/NetBeansProjects/Company/company 

java.vendor=Oracle Corporation
java.runtime.version=1.8.0_25-b17
user.dir=/usr/lib/jvm/java-8-oracle/db
os.name=Linux
os.arch=i386
os.version=3.13.0-43-generic
derby.system.home=/home/renato/NetBeansProjects/Company
Carregador de classe do banco de dados iniciado - derby.database.classpath=''
